[debug] [2022-12-05T18:30:50.673Z] ----------------------------------------------------------------------
[debug] [2022-12-05T18:30:50.675Z] Command:       C:\Program Files\nodejs\node.exe C:\Program Files\nodejs\node_modules\firebase-tools\lib\bin\firebase.js init
[debug] [2022-12-05T18:30:50.675Z] CLI Version:   11.16.1
[debug] [2022-12-05T18:30:50.675Z] Platform:      win32
[debug] [2022-12-05T18:30:50.675Z] Node Version:  v16.13.2
[debug] [2022-12-05T18:30:50.676Z] Time:          Mon Dec 05 2022 19:30:50 GMT+0100 (Central European Standard Time)
[debug] [2022-12-05T18:30:50.676Z] ----------------------------------------------------------------------
[debug] 
[debug] [2022-12-05T18:30:50.680Z] >>> [apiv2][query] GET https://firebase-public.firebaseio.com/cli.json [none]
[debug] [2022-12-05T18:30:50.704Z] > command requires scopes: ["email","openid","https://www.googleapis.com/auth/cloudplatformprojects.readonly","https://www.googleapis.com/auth/firebase","https://www.googleapis.com/auth/cloud-platform"]
[debug] [2022-12-05T18:30:50.704Z] > authorizing via signed-in user (rikr2.mt@gmail.com)
[info] 
     ######## #### ########  ######## ########     ###     ######  ########
     ##        ##  ##     ## ##       ##     ##  ##   ##  ##       ##
     ######    ##  ########  ######   ########  #########  ######  ######
     ##        ##  ##    ##  ##       ##     ## ##     ##       ## ##
     ##       #### ##     ## ######## ########  ##     ##  ######  ########

You're about to initialize a Firebase project in this directory:

  C:\Users\rikr2\Documents\GitHub\workoutplanner

[debug] [2022-12-05T18:30:51.491Z] <<< [apiv2][status] GET https://firebase-public.firebaseio.com/cli.json 200
[debug] [2022-12-05T18:30:51.492Z] <<< [apiv2][body] GET https://firebase-public.firebaseio.com/cli.json {"cloudBuildErrorAfter":1594252800000,"cloudBuildWarnAfter":1590019200000,"defaultNode10After":1594252800000,"minVersion":"3.0.5","node8DeploysDisabledAfter":1613390400000,"node8RuntimeDisabledAfter":1615809600000,"node8WarnAfter":1600128000000}
[info] 
=== Project Setup
[info] 
[info] First, let's associate this project directory with a Firebase project.
[info] You can create multiple project aliases by running firebase use --add, 
[info] but for now we'll just set up a default project.
[info] 
[info] i  If you want to create a project in a Google Cloud organization or folder, please use "firebase projects:create" instead, and return to this command when you've created the project. 
[debug] [2022-12-05T18:36:07.547Z] > refreshing access token with scopes: []
[debug] [2022-12-05T18:36:07.549Z] >>> [apiv2][query] POST https://www.googleapis.com/oauth2/v3/token [none]
[debug] [2022-12-05T18:36:07.549Z] >>> [apiv2][body] POST https://www.googleapis.com/oauth2/v3/token [omitted]
[debug] [2022-12-05T18:36:09.834Z] <<< [apiv2][status] POST https://www.googleapis.com/oauth2/v3/token 200
[debug] [2022-12-05T18:36:09.835Z] <<< [apiv2][body] POST https://www.googleapis.com/oauth2/v3/token [omitted]
[debug] [2022-12-05T18:36:09.890Z] >>> [apiv2][query] POST https://cloudresourcemanager.googleapis.com/v1/projects [none]
[debug] [2022-12-05T18:36:09.891Z] >>> [apiv2][body] POST https://cloudresourcemanager.googleapis.com/v1/projects {"projectId":"workoutplanner","name":"WorkoutPlanner"}
[debug] [2022-12-05T18:36:11.257Z] <<< [apiv2][status] POST https://cloudresourcemanager.googleapis.com/v1/projects 409
[debug] [2022-12-05T18:36:11.257Z] <<< [apiv2][body] POST https://cloudresourcemanager.googleapis.com/v1/projects {"error":{"code":409,"message":"Requested entity already exists","status":"ALREADY_EXISTS"}}
[debug] [2022-12-05T18:36:11.843Z] FirebaseError: HTTP Error: 409, Requested entity already exists
    at responseToError (C:\Users\rikr2\AppData\Roaming\nvm\v16.13.2\node_modules\firebase-tools\lib\responseToError.js:49:12)
    at RetryOperation._fn (C:\Users\rikr2\AppData\Roaming\nvm\v16.13.2\node_modules\firebase-tools\lib\apiv2.js:288:77)
    at processTicksAndRejections (node:internal/process/task_queues:96:5)
[error] 
[error] Error: Failed to create project because there is already a project with ID workoutplanner. Please try again with a unique project ID.
[debug] [2022-12-05T18:36:45.392Z] ----------------------------------------------------------------------
[debug] [2022-12-05T18:36:45.394Z] Command:       C:\Program Files\nodejs\node.exe C:\Program Files\nodejs\node_modules\firebase-tools\lib\bin\firebase.js init
[debug] [2022-12-05T18:36:45.395Z] CLI Version:   11.16.1
[debug] [2022-12-05T18:36:45.395Z] Platform:      win32
[debug] [2022-12-05T18:36:45.395Z] Node Version:  v16.13.2
[debug] [2022-12-05T18:36:45.396Z] Time:          Mon Dec 05 2022 19:36:45 GMT+0100 (Central European Standard Time)
[debug] [2022-12-05T18:36:45.396Z] ----------------------------------------------------------------------
[debug] 
[debug] [2022-12-05T18:36:45.406Z] > command requires scopes: ["email","openid","https://www.googleapis.com/auth/cloudplatformprojects.readonly","https://www.googleapis.com/auth/firebase","https://www.googleapis.com/auth/cloud-platform"]
[debug] [2022-12-05T18:36:45.406Z] > authorizing via signed-in user (rikr2.mt@gmail.com)
[info] 
     ######## #### ########  ######## ########     ###     ######  ########
     ##        ##  ##     ## ##       ##     ##  ##   ##  ##       ##
     ######    ##  ########  ######   ########  #########  ######  ######
     ##        ##  ##    ##  ##       ##     ## ##     ##       ## ##
     ##       #### ##     ## ######## ########  ##     ##  ######  ########

You're about to initialize a Firebase project in this directory:

  C:\Users\rikr2\Documents\GitHub\workoutplanner

[info] 
=== Project Setup
[info] 
[info] First, let's associate this project directory with a Firebase project.
[info] You can create multiple project aliases by running firebase use --add, 
[info] but for now we'll just set up a default project.
[info] 
[info] i  If you want to create a project in a Google Cloud organization or folder, please use "firebase projects:create" instead, and return to this command when you've created the project. 
[debug] [2022-12-05T18:37:19.722Z] >>> [apiv2][query] POST https://cloudresourcemanager.googleapis.com/v1/projects [none]
[debug] [2022-12-05T18:37:19.723Z] >>> [apiv2][body] POST https://cloudresourcemanager.googleapis.com/v1/projects {"projectId":"ricardoworkoutplanner","name":"RicardoWorkoutPlanner"}
[debug] [2022-12-05T18:37:20.702Z] <<< [apiv2][status] POST https://cloudresourcemanager.googleapis.com/v1/projects 200
[debug] [2022-12-05T18:37:20.702Z] <<< [apiv2][body] POST https://cloudresourcemanager.googleapis.com/v1/projects {"name":"operations/cp.5700011762722900550"}
[debug] [2022-12-05T18:37:20.705Z] >>> [apiv2][query] GET https://cloudresourcemanager.googleapis.com/v1/operations/cp.5700011762722900550 [none]
[debug] [2022-12-05T18:37:21.642Z] <<< [apiv2][status] GET https://cloudresourcemanager.googleapis.com/v1/operations/cp.5700011762722900550 200
[debug] [2022-12-05T18:37:21.642Z] <<< [apiv2][body] GET https://cloudresourcemanager.googleapis.com/v1/operations/cp.5700011762722900550 {"name":"operations/cp.5700011762722900550"}
[debug] [2022-12-05T18:37:22.148Z] [Project Creation Poller] Retrying task index 0
[debug] [2022-12-05T18:37:22.149Z] >>> [apiv2][query] GET https://cloudresourcemanager.googleapis.com/v1/operations/cp.5700011762722900550 [none]
[debug] [2022-12-05T18:37:23.582Z] <<< [apiv2][status] GET https://cloudresourcemanager.googleapis.com/v1/operations/cp.5700011762722900550 200
[debug] [2022-12-05T18:37:23.582Z] <<< [apiv2][body] GET https://cloudresourcemanager.googleapis.com/v1/operations/cp.5700011762722900550 {"name":"operations/cp.5700011762722900550","metadata":{"@type":"type.googleapis.com/google.cloudresourcemanager.v1.ProjectCreationStatus","gettable":true}}
[debug] [2022-12-05T18:37:24.601Z] [Project Creation Poller] Retrying task index 0
[debug] [2022-12-05T18:37:24.602Z] >>> [apiv2][query] GET https://cloudresourcemanager.googleapis.com/v1/operations/cp.5700011762722900550 [none]
[debug] [2022-12-05T18:37:26.009Z] <<< [apiv2][status] GET https://cloudresourcemanager.googleapis.com/v1/operations/cp.5700011762722900550 200
[debug] [2022-12-05T18:37:26.010Z] <<< [apiv2][body] GET https://cloudresourcemanager.googleapis.com/v1/operations/cp.5700011762722900550 {"name":"operations/cp.5700011762722900550","metadata":{"@type":"type.googleapis.com/google.cloudresourcemanager.v1.ProjectCreationStatus","gettable":true,"ready":true},"done":true,"response":{"@type":"type.googleapis.com/google.cloudresourcemanager.v1.Project","projectNumber":"793622147979","projectId":"ricardoworkoutplanner","lifecycleState":"ACTIVE","name":"RicardoWorkoutPlanner","createTime":"2022-12-05T18:37:21.948Z"}}
[debug] [2022-12-05T18:37:26.015Z] >>> [apiv2][query] POST https://firebase.googleapis.com/v1beta1/projects/ricardoworkoutplanner:addFirebase [none]
[debug] [2022-12-05T18:37:29.665Z] <<< [apiv2][status] POST https://firebase.googleapis.com/v1beta1/projects/ricardoworkoutplanner:addFirebase 200
[debug] [2022-12-05T18:37:29.666Z] <<< [apiv2][body] POST https://firebase.googleapis.com/v1beta1/projects/ricardoworkoutplanner:addFirebase {"name":"operations/workflows/Y2RjNDQ3ZjktOGQ2Zi00NWE1LWI3ZTYtZDAzZGU5MTEyYzY5"}
[debug] [2022-12-05T18:37:29.666Z] >>> [apiv2][query] GET https://firebase.googleapis.com/v1beta1/operations/workflows/Y2RjNDQ3ZjktOGQ2Zi00NWE1LWI3ZTYtZDAzZGU5MTEyYzY5 [none]
[debug] [2022-12-05T18:37:30.753Z] <<< [apiv2][status] GET https://firebase.googleapis.com/v1beta1/operations/workflows/Y2RjNDQ3ZjktOGQ2Zi00NWE1LWI3ZTYtZDAzZGU5MTEyYzY5 200
[debug] [2022-12-05T18:37:30.753Z] <<< [apiv2][body] GET https://firebase.googleapis.com/v1beta1/operations/workflows/Y2RjNDQ3ZjktOGQ2Zi00NWE1LWI3ZTYtZDAzZGU5MTEyYzY5 {"name":"operations/workflows/Y2RjNDQ3ZjktOGQ2Zi00NWE1LWI3ZTYtZDAzZGU5MTEyYzY5"}
[debug] [2022-12-05T18:37:31.262Z] [Add Firebase Poller] Retrying task index 0
[debug] [2022-12-05T18:37:31.263Z] >>> [apiv2][query] GET https://firebase.googleapis.com/v1beta1/operations/workflows/Y2RjNDQ3ZjktOGQ2Zi00NWE1LWI3ZTYtZDAzZGU5MTEyYzY5 [none]
[debug] [2022-12-05T18:37:32.329Z] <<< [apiv2][status] GET https://firebase.googleapis.com/v1beta1/operations/workflows/Y2RjNDQ3ZjktOGQ2Zi00NWE1LWI3ZTYtZDAzZGU5MTEyYzY5 200
[debug] [2022-12-05T18:37:32.330Z] <<< [apiv2][body] GET https://firebase.googleapis.com/v1beta1/operations/workflows/Y2RjNDQ3ZjktOGQ2Zi00NWE1LWI3ZTYtZDAzZGU5MTEyYzY5 {"name":"operations/workflows/Y2RjNDQ3ZjktOGQ2Zi00NWE1LWI3ZTYtZDAzZGU5MTEyYzY5"}
[debug] [2022-12-05T18:37:33.341Z] [Add Firebase Poller] Retrying task index 0
[debug] [2022-12-05T18:37:33.342Z] >>> [apiv2][query] GET https://firebase.googleapis.com/v1beta1/operations/workflows/Y2RjNDQ3ZjktOGQ2Zi00NWE1LWI3ZTYtZDAzZGU5MTEyYzY5 [none]
[debug] [2022-12-05T18:37:34.062Z] <<< [apiv2][status] GET https://firebase.googleapis.com/v1beta1/operations/workflows/Y2RjNDQ3ZjktOGQ2Zi00NWE1LWI3ZTYtZDAzZGU5MTEyYzY5 200
[debug] [2022-12-05T18:37:34.062Z] <<< [apiv2][body] GET https://firebase.googleapis.com/v1beta1/operations/workflows/Y2RjNDQ3ZjktOGQ2Zi00NWE1LWI3ZTYtZDAzZGU5MTEyYzY5 {"name":"operations/workflows/Y2RjNDQ3ZjktOGQ2Zi00NWE1LWI3ZTYtZDAzZGU5MTEyYzY5"}
[debug] [2022-12-05T18:37:36.076Z] [Add Firebase Poller] Retrying task index 0
[debug] [2022-12-05T18:37:36.077Z] >>> [apiv2][query] GET https://firebase.googleapis.com/v1beta1/operations/workflows/Y2RjNDQ3ZjktOGQ2Zi00NWE1LWI3ZTYtZDAzZGU5MTEyYzY5 [none]
[debug] [2022-12-05T18:37:37.414Z] <<< [apiv2][status] GET https://firebase.googleapis.com/v1beta1/operations/workflows/Y2RjNDQ3ZjktOGQ2Zi00NWE1LWI3ZTYtZDAzZGU5MTEyYzY5 200
[debug] [2022-12-05T18:37:37.415Z] <<< [apiv2][body] GET https://firebase.googleapis.com/v1beta1/operations/workflows/Y2RjNDQ3ZjktOGQ2Zi00NWE1LWI3ZTYtZDAzZGU5MTEyYzY5 {"name":"operations/workflows/Y2RjNDQ3ZjktOGQ2Zi00NWE1LWI3ZTYtZDAzZGU5MTEyYzY5"}
[debug] [2022-12-05T18:37:41.420Z] [Add Firebase Poller] Retrying task index 0
[debug] [2022-12-05T18:37:41.421Z] >>> [apiv2][query] GET https://firebase.googleapis.com/v1beta1/operations/workflows/Y2RjNDQ3ZjktOGQ2Zi00NWE1LWI3ZTYtZDAzZGU5MTEyYzY5 [none]
[debug] [2022-12-05T18:37:42.551Z] <<< [apiv2][status] GET https://firebase.googleapis.com/v1beta1/operations/workflows/Y2RjNDQ3ZjktOGQ2Zi00NWE1LWI3ZTYtZDAzZGU5MTEyYzY5 200
[debug] [2022-12-05T18:37:42.551Z] <<< [apiv2][body] GET https://firebase.googleapis.com/v1beta1/operations/workflows/Y2RjNDQ3ZjktOGQ2Zi00NWE1LWI3ZTYtZDAzZGU5MTEyYzY5 {"name":"operations/workflows/Y2RjNDQ3ZjktOGQ2Zi00NWE1LWI3ZTYtZDAzZGU5MTEyYzY5","done":true,"response":{"@type":"type.googleapis.com/google.firebase.service.v1beta1.FirebaseProject","projectId":"ricardoworkoutplanner","projectNumber":"793622147979","displayName":"RicardoWorkoutPlanner","name":"projects/ricardoworkoutplanner","resources":{"hostingSite":"ricardoworkoutplanner"}}}
[info] 
[info] === Your Firebase project is ready! ===
[info] 
[info] Project information:
[info]    - Project ID: ricardoworkoutplanner
[info]    - Project Name: RicardoWorkoutPlanner
[info] 
[info] Firebase console is available at
[info] https://console.firebase.google.com/project/ricardoworkoutplanner/overview
[info] i  Using project ricardoworkoutplanner (RicardoWorkoutPlanner) 
[info] 
=== Hosting Setup
[info] 
[info] Your public directory is the folder (relative to your project directory) that
[info] will contain Hosting assets to be uploaded with firebase deploy. If you
[info] have a build process for your assets, use your build's output directory.
[info] 
[debug] [2022-12-05T18:39:12.155Z] >>> [apiv2][query] GET https://www.gstatic.com/firebasejs/releases.json [none]
[debug] [2022-12-05T18:39:12.399Z] <<< [apiv2][status] GET https://www.gstatic.com/firebasejs/releases.json 200
[debug] [2022-12-05T18:39:12.400Z] <<< [apiv2][body] GET https://www.gstatic.com/firebasejs/releases.json {"current":{"version":"9.14.0","browserURL":"https://www.gstatic.com/firebasejs/9.14.0/firebase.js","packageURL":"https://www.gstatic.com/firebasejs/9.14.0/firebase.tgz"},"live":{"version":"9.14","browserURL":"https://www.gstatic.com/firebasejs/live/9.14/firebase.js","packageURL":"https://www.gstatic.com/firebasejs/live/9.14/firebase.tgz"},"components":{"analytics":"https://www.gstatic.com/firebasejs/9.14.0/firebase-analytics.js","app":"https://www.gstatic.com/firebasejs/9.14.0/firebase-app.js","app-check":"https://www.gstatic.com/firebasejs/9.14.0/firebase-app-check.js","auth":"https://www.gstatic.com/firebasejs/9.14.0/firebase-auth.js","auth/cordova":"https://www.gstatic.com/firebasejs/9.14.0/firebase-auth/cordova.js","auth/react-native":"https://www.gstatic.com/firebasejs/9.14.0/firebase-auth/react-native.js","functions":"https://www.gstatic.com/firebasejs/9.14.0/firebase-functions.js","firestore":"https://www.gstatic.com/firebasejs/9.14.0/firebase-firestore.js","firestore/lite":"https://www.gstatic.com/firebasejs/9.14.0/firebase-firestore/lite.js","installations":"https://www.gstatic.com/firebasejs/9.14.0/firebase-installations.js","storage":"https://www.gstatic.com/firebasejs/9.14.0/firebase-storage.js","performance":"https://www.gstatic.com/firebasejs/9.14.0/firebase-performance.js","remote-config":"https://www.gstatic.com/firebasejs/9.14.0/firebase-remote-config.js","messaging":"https://www.gstatic.com/firebasejs/9.14.0/firebase-messaging.js","messaging/sw":"https://www.gstatic.com/firebasejs/9.14.0/firebase-messaging/sw.js","database":"https://www.gstatic.com/firebasejs/9.14.0/firebase-database.js","firestore.memory":"https://www.gstatic.com/firebasejs/9.14.0/firebase-firestore.memory.js"}}
[info] +  Wrote build/web/index.html 
[info] 
[info] i  Didn't detect a .git folder. Assuming C:\Users\rikr2\Documents\GitHub\workoutplanner is the project root. 
[info] i  Authorizing with GitHub to upload your service account to a GitHub repository's secrets store. 
[info] 
[info] Visit this URL on this device to log in:
[info] https://github.com/login/oauth/authorize?client_id=89cf50f02ac6aaed3484&state=157702149&redirect_uri=http%3A%2F%2Flocalhost%3A9005&scope=read%3Auser%20repo%20public_repo
[info] 
[info] Waiting for authentication...
[debug] [2022-12-05T18:39:13.091Z] >>> [apiv2][query] POST https://github.com/login/oauth/access_token [none]
[debug] [2022-12-05T18:39:13.092Z] >>> [apiv2][body] POST https://github.com/login/oauth/access_token [stream]
[debug] [2022-12-05T18:39:13.506Z] <<< [apiv2][status] POST https://github.com/login/oauth/access_token 200
[debug] [2022-12-05T18:39:13.506Z] <<< [apiv2][body] POST https://github.com/login/oauth/access_token {"access_token":"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","token_type":"bearer","scope":"read:user,repo"}
[debug] [2022-12-05T18:39:13.542Z] >>> [apiv2][query] GET https://api.github.com/user [none]
[debug] [2022-12-05T18:39:13.949Z] <<< [apiv2][status] GET https://api.github.com/user 200
[debug] [2022-12-05T18:39:13.949Z] <<< [apiv2][body] GET https://api.github.com/user {"login":"Ricardo-MT","id":63120247,"node_id":"MDQ6VXNlcjYzMTIwMjQ3","avatar_url":"https://avatars.githubusercontent.com/u/63120247?v=4","gravatar_id":"","url":"https://api.github.com/users/Ricardo-MT","html_url":"https://github.com/Ricardo-MT","followers_url":"https://api.github.com/users/Ricardo-MT/followers","following_url":"https://api.github.com/users/Ricardo-MT/following{/other_user}","gists_url":"https://api.github.com/users/Ricardo-MT/gists{/gist_id}","starred_url":"https://api.github.com/users/Ricardo-MT/starred{/owner}{/repo}","subscriptions_url":"https://api.github.com/users/Ricardo-MT/subscriptions","organizations_url":"https://api.github.com/users/Ricardo-MT/orgs","repos_url":"https://api.github.com/users/Ricardo-MT/repos","events_url":"https://api.github.com/users/Ricardo-MT/events{/privacy}","received_events_url":"https://api.github.com/users/Ricardo-MT/received_events","type":"User","site_admin":false,"name":"Ricardo Mejias Travieso","company":null,"blog":"","location":null,"email":null,"hireable":null,"bio":null,"twitter_username":null,"public_repos":9,"public_gists":0,"followers":1,"following":1,"created_at":"2020-04-03T17:53:15Z","updated_at":"2022-11-14T16:18:23Z","private_gists":0,"total_private_repos":14,"owned_private_repos":14,"disk_usage":207412,"collaborators":3,"two_factor_authentication":true,"plan":{"name":"free","space":976562499,"collaborators":0,"private_repos":10000}}
[info] 
[info] +  Success! Logged into GitHub as Ricardo-MT 
[info] 
